
 /----------------------------------------------------------------------------\
 |  yosys -- Yosys Open SYnthesis Suite                                       |
 |  Copyright (C) 2012 - 2026  Claire Xenia Wolf <claire@yosyshq.com>         |
 |  Distributed under an ISC-like license, type "license" to see terms        |
 \----------------------------------------------------------------------------/
 Yosys 0.64 (git sha1 6d2c445ae-dirty, g++ 15.2.1 -march=x86-64 -mtune=generic -O2 -fno-plt -fexceptions -fstack-clash-protection -fcf-protection -fno-omit-frame-pointer -mno-omit-leaf-frame-pointer -ffile-prefix-map=/build/yosys/src=/usr/src/debug/yosys -fPIC -O3) [startdir/yosys at makepkg]

-- Running command `
    read_verilog -sv ../../rtl/crypto_pkg.sv; read_verilog -sv ../../rtl/sbox.sv; read_verilog -sv ../../rtl/shift_rows.sv; read_verilog -sv ../../rtl/mix_columns.sv; read_verilog -sv ../../rtl/aes_round.sv; 
    hierarchy -top aes_round_generic               -chparam SBOX_ARCH 0               -chparam DIRECTION 2;
    proc; opt; fsm; opt; memory; opt;
    opt_clean;
    write_json aes_round_generic_schematic.json
' --

1. Executing Verilog-2005 frontend: ../../rtl/crypto_pkg.sv
Parsing SystemVerilog input from `../../rtl/crypto_pkg.sv' to AST representation.
Successfully finished Verilog frontend.

2. Executing Verilog-2005 frontend: ../../rtl/sbox.sv
Parsing SystemVerilog input from `../../rtl/sbox.sv' to AST representation.
Generating RTLIL representation for module `\sub_generic'.
Generating RTLIL representation for module `\sbox_generic'.
Generating RTLIL representation for module `\sbox_lut'.
Generating RTLIL representation for module `\inv_sbox_lut'.
Generating RTLIL representation for module `\sbox_canright'.
Successfully finished Verilog frontend.

3. Executing Verilog-2005 frontend: ../../rtl/shift_rows.sv
Parsing SystemVerilog input from `../../rtl/shift_rows.sv' to AST representation.
Generating RTLIL representation for module `\shift_rows_generic'.
Successfully finished Verilog frontend.

4. Executing Verilog-2005 frontend: ../../rtl/mix_columns.sv
Parsing SystemVerilog input from `../../rtl/mix_columns.sv' to AST representation.
Generating RTLIL representation for module `\mix_columns_generic'.
Generating RTLIL representation for module `\mix_single_col_generic'.
Successfully finished Verilog frontend.

5. Executing Verilog-2005 frontend: ../../rtl/aes_round.sv
Parsing SystemVerilog input from `../../rtl/aes_round.sv' to AST representation.
Generating RTLIL representation for module `\aes_round_generic'.
Successfully finished Verilog frontend.

6. Executing HIERARCHY pass (managing design hierarchy).
Parameter \SBOX_ARCH = 0
Parameter \DIRECTION = 2

7. Executing AST frontend in derive mode using pre-parsed AST for module `\aes_round_generic'.
Parameter \SBOX_ARCH = 0
Parameter \DIRECTION = 2
Generating RTLIL representation for module `$paramod$ea653310b7f48cfdbdd32647a5774fd1ac06c3ef\aes_round_generic'.

7.1. Analyzing design hierarchy..
Top module:  \aes_round_generic
Used module:     \sub_generic
Used module:         \sbox_generic
Used module:             \sbox_canright
Used module:     \shift_rows_generic
Used module:     \mix_columns_generic
Used module:         \mix_single_col_generic
Parameter \SBOX_ARCH = 1
Parameter \DIRECTION = 0

7.2. Executing AST frontend in derive mode using pre-parsed AST for module `\sbox_generic'.
Parameter \SBOX_ARCH = 1
Parameter \DIRECTION = 0
Generating RTLIL representation for module `$paramod$434c8d7e1cc6988382c604579a0d66635a5e7181\sbox_generic'.
Parameter \SBOX_ARCH = 1
Parameter \DIRECTION = 0
Found cached RTLIL representation for module `$paramod$434c8d7e1cc6988382c604579a0d66635a5e7181\sbox_generic'.
Parameter \SBOX_ARCH = 1
Parameter \DIRECTION = 0
Found cached RTLIL representation for module `$paramod$434c8d7e1cc6988382c604579a0d66635a5e7181\sbox_generic'.
Parameter \SBOX_ARCH = 1
Parameter \DIRECTION = 0
Found cached RTLIL representation for module `$paramod$434c8d7e1cc6988382c604579a0d66635a5e7181\sbox_generic'.
Parameter \SBOX_ARCH = 1
Parameter \DIRECTION = 0
Found cached RTLIL representation for module `$paramod$434c8d7e1cc6988382c604579a0d66635a5e7181\sbox_generic'.
Parameter \SBOX_ARCH = 1
Parameter \DIRECTION = 0
Found cached RTLIL representation for module `$paramod$434c8d7e1cc6988382c604579a0d66635a5e7181\sbox_generic'.
Parameter \SBOX_ARCH = 1
Parameter \DIRECTION = 0
Found cached RTLIL representation for module `$paramod$434c8d7e1cc6988382c604579a0d66635a5e7181\sbox_generic'.
Parameter \SBOX_ARCH = 1
Parameter \DIRECTION = 0
Found cached RTLIL representation for module `$paramod$434c8d7e1cc6988382c604579a0d66635a5e7181\sbox_generic'.
Parameter \SBOX_ARCH = 1
Parameter \DIRECTION = 0
Found cached RTLIL representation for module `$paramod$434c8d7e1cc6988382c604579a0d66635a5e7181\sbox_generic'.
Parameter \SBOX_ARCH = 1
Parameter \DIRECTION = 0
Found cached RTLIL representation for module `$paramod$434c8d7e1cc6988382c604579a0d66635a5e7181\sbox_generic'.
Parameter \SBOX_ARCH = 1
Parameter \DIRECTION = 0
Found cached RTLIL representation for module `$paramod$434c8d7e1cc6988382c604579a0d66635a5e7181\sbox_generic'.
Parameter \SBOX_ARCH = 1
Parameter \DIRECTION = 0
Found cached RTLIL representation for module `$paramod$434c8d7e1cc6988382c604579a0d66635a5e7181\sbox_generic'.
Parameter \SBOX_ARCH = 1
Parameter \DIRECTION = 0
Found cached RTLIL representation for module `$paramod$434c8d7e1cc6988382c604579a0d66635a5e7181\sbox_generic'.
Parameter \SBOX_ARCH = 1
Parameter \DIRECTION = 0
Found cached RTLIL representation for module `$paramod$434c8d7e1cc6988382c604579a0d66635a5e7181\sbox_generic'.
Parameter \SBOX_ARCH = 1
Parameter \DIRECTION = 0
Found cached RTLIL representation for module `$paramod$434c8d7e1cc6988382c604579a0d66635a5e7181\sbox_generic'.
Parameter \SBOX_ARCH = 1
Parameter \DIRECTION = 0
Found cached RTLIL representation for module `$paramod$434c8d7e1cc6988382c604579a0d66635a5e7181\sbox_generic'.
Parameter \DIRECTION = 0

7.3. Executing AST frontend in derive mode using pre-parsed AST for module `\mix_single_col_generic'.
Parameter \DIRECTION = 0
Generating RTLIL representation for module `$paramod\mix_single_col_generic\DIRECTION=s32'00000000000000000000000000000000'.
Parameter \DIRECTION = 0
Found cached RTLIL representation for module `$paramod\mix_single_col_generic\DIRECTION=s32'00000000000000000000000000000000'.
Parameter \DIRECTION = 0
Found cached RTLIL representation for module `$paramod\mix_single_col_generic\DIRECTION=s32'00000000000000000000000000000000'.
Parameter \DIRECTION = 0
Found cached RTLIL representation for module `$paramod\mix_single_col_generic\DIRECTION=s32'00000000000000000000000000000000'.
Parameter \SBOX_ARCH = 0
Parameter \DIRECTION = 2
Parameter \WIDTH = 128

7.4. Executing AST frontend in derive mode using pre-parsed AST for module `\sub_generic'.
Parameter \SBOX_ARCH = 0
Parameter \DIRECTION = 2
Parameter \WIDTH = 128
Generating RTLIL representation for module `$paramod$abb245fec7a916e8c0859ecb960377b7bb9ba133\sub_generic'.
Parameter \DIRECTION = 2

7.5. Executing AST frontend in derive mode using pre-parsed AST for module `\shift_rows_generic'.
Parameter \DIRECTION = 2
Generating RTLIL representation for module `$paramod\shift_rows_generic\DIRECTION=s32'00000000000000000000000000000010'.
Parameter \DIRECTION = 2

7.6. Executing AST frontend in derive mode using pre-parsed AST for module `\mix_columns_generic'.
Parameter \DIRECTION = 2
Generating RTLIL representation for module `$paramod\mix_columns_generic\DIRECTION=s32'00000000000000000000000000000010'.

7.7. Analyzing design hierarchy..
Top module:  \aes_round_generic
Used module:     $paramod$abb245fec7a916e8c0859ecb960377b7bb9ba133\sub_generic
Used module:         \sbox_generic
Used module:             \sbox_canright
Used module:     $paramod\shift_rows_generic\DIRECTION=s32'00000000000000000000000000000010
Used module:     $paramod\mix_columns_generic\DIRECTION=s32'00000000000000000000000000000010
Used module:         \mix_single_col_generic
Parameter \SBOX_ARCH = 0
Parameter \DIRECTION = 2

7.8. Executing AST frontend in derive mode using pre-parsed AST for module `\sbox_generic'.
Parameter \SBOX_ARCH = 0
Parameter \DIRECTION = 2
Generating RTLIL representation for module `$paramod$c0d07c46bbdb59e026b2dadc338d8c44a2d2f9b9\sbox_generic'.
Parameter \SBOX_ARCH = 0
Parameter \DIRECTION = 2
Found cached RTLIL representation for module `$paramod$c0d07c46bbdb59e026b2dadc338d8c44a2d2f9b9\sbox_generic'.
Parameter \SBOX_ARCH = 0
Parameter \DIRECTION = 2
Found cached RTLIL representation for module `$paramod$c0d07c46bbdb59e026b2dadc338d8c44a2d2f9b9\sbox_generic'.
Parameter \SBOX_ARCH = 0
Parameter \DIRECTION = 2
Found cached RTLIL representation for module `$paramod$c0d07c46bbdb59e026b2dadc338d8c44a2d2f9b9\sbox_generic'.
Parameter \SBOX_ARCH = 0
Parameter \DIRECTION = 2
Found cached RTLIL representation for module `$paramod$c0d07c46bbdb59e026b2dadc338d8c44a2d2f9b9\sbox_generic'.
Parameter \SBOX_ARCH = 0
Parameter \DIRECTION = 2
Found cached RTLIL representation for module `$paramod$c0d07c46bbdb59e026b2dadc338d8c44a2d2f9b9\sbox_generic'.
Parameter \SBOX_ARCH = 0
Parameter \DIRECTION = 2
Found cached RTLIL representation for module `$paramod$c0d07c46bbdb59e026b2dadc338d8c44a2d2f9b9\sbox_generic'.
Parameter \SBOX_ARCH = 0
Parameter \DIRECTION = 2
Found cached RTLIL representation for module `$paramod$c0d07c46bbdb59e026b2dadc338d8c44a2d2f9b9\sbox_generic'.
Parameter \SBOX_ARCH = 0
Parameter \DIRECTION = 2
Found cached RTLIL representation for module `$paramod$c0d07c46bbdb59e026b2dadc338d8c44a2d2f9b9\sbox_generic'.
Parameter \SBOX_ARCH = 0
Parameter \DIRECTION = 2
Found cached RTLIL representation for module `$paramod$c0d07c46bbdb59e026b2dadc338d8c44a2d2f9b9\sbox_generic'.
Parameter \SBOX_ARCH = 0
Parameter \DIRECTION = 2
Found cached RTLIL representation for module `$paramod$c0d07c46bbdb59e026b2dadc338d8c44a2d2f9b9\sbox_generic'.
Parameter \SBOX_ARCH = 0
Parameter \DIRECTION = 2
Found cached RTLIL representation for module `$paramod$c0d07c46bbdb59e026b2dadc338d8c44a2d2f9b9\sbox_generic'.
Parameter \SBOX_ARCH = 0
Parameter \DIRECTION = 2
Found cached RTLIL representation for module `$paramod$c0d07c46bbdb59e026b2dadc338d8c44a2d2f9b9\sbox_generic'.
Parameter \SBOX_ARCH = 0
Parameter \DIRECTION = 2
Found cached RTLIL representation for module `$paramod$c0d07c46bbdb59e026b2dadc338d8c44a2d2f9b9\sbox_generic'.
Parameter \SBOX_ARCH = 0
Parameter \DIRECTION = 2
Found cached RTLIL representation for module `$paramod$c0d07c46bbdb59e026b2dadc338d8c44a2d2f9b9\sbox_generic'.
Parameter \SBOX_ARCH = 0
Parameter \DIRECTION = 2
Found cached RTLIL representation for module `$paramod$c0d07c46bbdb59e026b2dadc338d8c44a2d2f9b9\sbox_generic'.
Parameter \DIRECTION = 2

7.9. Executing AST frontend in derive mode using pre-parsed AST for module `\mix_single_col_generic'.
Parameter \DIRECTION = 2
Generating RTLIL representation for module `$paramod\mix_single_col_generic\DIRECTION=s32'00000000000000000000000000000010'.
Parameter \DIRECTION = 2
Found cached RTLIL representation for module `$paramod\mix_single_col_generic\DIRECTION=s32'00000000000000000000000000000010'.
Parameter \DIRECTION = 2
Found cached RTLIL representation for module `$paramod\mix_single_col_generic\DIRECTION=s32'00000000000000000000000000000010'.
Parameter \DIRECTION = 2
Found cached RTLIL representation for module `$paramod\mix_single_col_generic\DIRECTION=s32'00000000000000000000000000000010'.

7.10. Analyzing design hierarchy..
Top module:  \aes_round_generic
Used module:     $paramod$abb245fec7a916e8c0859ecb960377b7bb9ba133\sub_generic
Used module:         $paramod$c0d07c46bbdb59e026b2dadc338d8c44a2d2f9b9\sbox_generic
Used module:             \inv_sbox_lut
Used module:             \sbox_lut
Used module:     $paramod\shift_rows_generic\DIRECTION=s32'00000000000000000000000000000010
Used module:     $paramod\mix_columns_generic\DIRECTION=s32'00000000000000000000000000000010
Used module:         $paramod\mix_single_col_generic\DIRECTION=s32'00000000000000000000000000000010

7.11. Analyzing design hierarchy..
Top module:  \aes_round_generic
Used module:     $paramod$abb245fec7a916e8c0859ecb960377b7bb9ba133\sub_generic
Used module:         $paramod$c0d07c46bbdb59e026b2dadc338d8c44a2d2f9b9\sbox_generic
Used module:             \inv_sbox_lut
Used module:             \sbox_lut
Used module:     $paramod\shift_rows_generic\DIRECTION=s32'00000000000000000000000000000010
Used module:     $paramod\mix_columns_generic\DIRECTION=s32'00000000000000000000000000000010
Used module:         $paramod\mix_single_col_generic\DIRECTION=s32'00000000000000000000000000000010
Removing unused module `$paramod\mix_single_col_generic\DIRECTION=s32'00000000000000000000000000000000'.
Removing unused module `$paramod$434c8d7e1cc6988382c604579a0d66635a5e7181\sbox_generic'.
Removing unused module `$paramod$ea653310b7f48cfdbdd32647a5774fd1ac06c3ef\aes_round_generic'.
Removing unused module `\mix_single_col_generic'.
Removing unused module `\mix_columns_generic'.
Removing unused module `\shift_rows_generic'.
Removing unused module `\sbox_canright'.
Removing unused module `\sbox_generic'.
Removing unused module `\sub_generic'.
Removed 9 unused modules.

8. Executing PROC pass (convert processes to netlists).

8.1. Executing PROC_CLEAN pass (remove empty switches from decision trees).
Cleaned up 0 empty switches.

8.2. Executing PROC_RMDEAD pass (remove dead branches from decision trees).
Removed 1 dead cases from process $proc$../../rtl/sbox.sv:164$3 in module inv_sbox_lut.
Marked 1 switch rules as full_case in process $proc$../../rtl/sbox.sv:164$3 in module inv_sbox_lut.
Removed 1 dead cases from process $proc$../../rtl/sbox.sv:89$2 in module sbox_lut.
Marked 1 switch rules as full_case in process $proc$../../rtl/sbox.sv:89$2 in module sbox_lut.
Removed a total of 2 dead cases.

8.3. Executing PROC_PRUNE pass (remove redundant assignments in processes).
Removed 0 redundant assignments.
Promoted 44 assignments to connections.

8.4. Executing PROC_INIT pass (extract init attributes).

8.5. Executing PROC_ARST pass (detect async resets in processes).

8.6. Executing PROC_ROM pass (convert switches to ROMs).
Converted 2 switches.

8.7. Executing PROC_MUX pass (convert decision trees to multiplexers).
Creating decoders for process `$paramod\mix_single_col_generic\DIRECTION=s32'00000000000000000000000000000010.$proc$../../rtl/mix_columns.sv:90$715'.
Creating decoders for process `$paramod\mix_single_col_generic\DIRECTION=s32'00000000000000000000000000000010.$proc$../../rtl/mix_columns.sv:89$707'.
Creating decoders for process `$paramod\mix_single_col_generic\DIRECTION=s32'00000000000000000000000000000010.$proc$../../rtl/mix_columns.sv:88$699'.
Creating decoders for process `$paramod\mix_single_col_generic\DIRECTION=s32'00000000000000000000000000000010.$proc$../../rtl/mix_columns.sv:88$691'.
Creating decoders for process `$paramod\mix_single_col_generic\DIRECTION=s32'00000000000000000000000000000010.$proc$../../rtl/mix_columns.sv:87$683'.
Creating decoders for process `$paramod\mix_single_col_generic\DIRECTION=s32'00000000000000000000000000000010.$proc$../../rtl/mix_columns.sv:87$675'.
Creating decoders for process `$paramod\mix_single_col_generic\DIRECTION=s32'00000000000000000000000000000010.$proc$../../rtl/mix_columns.sv:82$661'.
Creating decoders for process `$paramod\mix_single_col_generic\DIRECTION=s32'00000000000000000000000000000010.$proc$../../rtl/mix_columns.sv:82$653'.
Creating decoders for process `$paramod\mix_single_col_generic\DIRECTION=s32'00000000000000000000000000000010.$proc$../../rtl/mix_columns.sv:81$641'.
Creating decoders for process `$paramod\mix_single_col_generic\DIRECTION=s32'00000000000000000000000000000010.$proc$../../rtl/mix_columns.sv:81$633'.
Creating decoders for process `$paramod\mix_single_col_generic\DIRECTION=s32'00000000000000000000000000000010.$proc$../../rtl/mix_columns.sv:80$621'.
Creating decoders for process `$paramod\mix_single_col_generic\DIRECTION=s32'00000000000000000000000000000010.$proc$../../rtl/mix_columns.sv:80$613'.
Creating decoders for process `$paramod\mix_single_col_generic\DIRECTION=s32'00000000000000000000000000000010.$proc$../../rtl/mix_columns.sv:79$601'.
Creating decoders for process `$paramod\mix_single_col_generic\DIRECTION=s32'00000000000000000000000000000010.$proc$../../rtl/mix_columns.sv:79$593'.
Creating decoders for process `\inv_sbox_lut.$proc$../../rtl/sbox.sv:164$3'.
     1/1: $1\out[7:0]
Creating decoders for process `\sbox_lut.$proc$../../rtl/sbox.sv:89$2'.
     1/1: $1\out[7:0]

8.8. Executing PROC_DLATCH pass (convert process syncs to latches).
No latch inferred for signal `$paramod\mix_single_col_generic\DIRECTION=s32'00000000000000000000000000000010.\xtime$func$../../rtl/mix_columns.sv:90$577.$result' from process `$paramod\mix_single_col_generic\DIRECTION=s32'00000000000000000000000000000010.$proc$../../rtl/mix_columns.sv:90$715'.
No latch inferred for signal `$paramod\mix_single_col_generic\DIRECTION=s32'00000000000000000000000000000010.\xtime$func$../../rtl/mix_columns.sv:90$591.$result' from process `$paramod\mix_single_col_generic\DIRECTION=s32'00000000000000000000000000000010.$proc$../../rtl/mix_columns.sv:90$715'.
No latch inferred for signal `$paramod\mix_single_col_generic\DIRECTION=s32'00000000000000000000000000000010.\xtime$func$../../rtl/mix_columns.sv:90$591.b' from process `$paramod\mix_single_col_generic\DIRECTION=s32'00000000000000000000000000000010.$proc$../../rtl/mix_columns.sv:90$715'.
No latch inferred for signal `$paramod\mix_single_col_generic\DIRECTION=s32'00000000000000000000000000000010.\xtime$func$../../rtl/mix_columns.sv:89$576.$result' from process `$paramod\mix_single_col_generic\DIRECTION=s32'00000000000000000000000000000010.$proc$../../rtl/mix_columns.sv:89$707'.
No latch inferred for signal `$paramod\mix_single_col_generic\DIRECTION=s32'00000000000000000000000000000010.\xtime$func$../../rtl/mix_columns.sv:89$590.$result' from process `$paramod\mix_single_col_generic\DIRECTION=s32'00000000000000000000000000000010.$proc$../../rtl/mix_columns.sv:89$707'.
No latch inferred for signal `$paramod\mix_single_col_generic\DIRECTION=s32'00000000000000000000000000000010.\xtime$func$../../rtl/mix_columns.sv:89$590.b' from process `$paramod\mix_single_col_generic\DIRECTION=s32'00000000000000000000000000000010.$proc$../../rtl/mix_columns.sv:89$707'.
No latch inferred for signal `$paramod\mix_single_col_generic\DIRECTION=s32'00000000000000000000000000000010.\xtime$func$../../rtl/mix_columns.sv:88$575.$result' from process `$paramod\mix_single_col_generic\DIRECTION=s32'00000000000000000000000000000010.$proc$../../rtl/mix_columns.sv:88$699'.
No latch inferred for signal `$paramod\mix_single_col_generic\DIRECTION=s32'00000000000000000000000000000010.\xtime$func$../../rtl/mix_columns.sv:88$589.$result' from process `$paramod\mix_single_col_generic\DIRECTION=s32'00000000000000000000000000000010.$proc$../../rtl/mix_columns.sv:88$699'.
No latch inferred for signal `$paramod\mix_single_col_generic\DIRECTION=s32'00000000000000000000000000000010.\xtime$func$../../rtl/mix_columns.sv:88$589.b' from process `$paramod\mix_single_col_generic\DIRECTION=s32'00000000000000000000000000000010.$proc$../../rtl/mix_columns.sv:88$699'.
No latch inferred for signal `$paramod\mix_single_col_generic\DIRECTION=s32'00000000000000000000000000000010.\xtime$func$../../rtl/mix_columns.sv:88$574.$result' from process `$paramod\mix_single_col_generic\DIRECTION=s32'00000000000000000000000000000010.$proc$../../rtl/mix_columns.sv:88$691'.
No latch inferred for signal `$paramod\mix_single_col_generic\DIRECTION=s32'00000000000000000000000000000010.\xtime$func$../../rtl/mix_columns.sv:88$588.$result' from process `$paramod\mix_single_col_generic\DIRECTION=s32'00000000000000000000000000000010.$proc$../../rtl/mix_columns.sv:88$691'.
No latch inferred for signal `$paramod\mix_single_col_generic\DIRECTION=s32'00000000000000000000000000000010.\xtime$func$../../rtl/mix_columns.sv:88$588.b' from process `$paramod\mix_single_col_generic\DIRECTION=s32'00000000000000000000000000000010.$proc$../../rtl/mix_columns.sv:88$691'.
No latch inferred for signal `$paramod\mix_single_col_generic\DIRECTION=s32'00000000000000000000000000000010.\xtime$func$../../rtl/mix_columns.sv:87$573.$result' from process `$paramod\mix_single_col_generic\DIRECTION=s32'00000000000000000000000000000010.$proc$../../rtl/mix_columns.sv:87$683'.
No latch inferred for signal `$paramod\mix_single_col_generic\DIRECTION=s32'00000000000000000000000000000010.\xtime$func$../../rtl/mix_columns.sv:87$587.$result' from process `$paramod\mix_single_col_generic\DIRECTION=s32'00000000000000000000000000000010.$proc$../../rtl/mix_columns.sv:87$683'.
No latch inferred for signal `$paramod\mix_single_col_generic\DIRECTION=s32'00000000000000000000000000000010.\xtime$func$../../rtl/mix_columns.sv:87$587.b' from process `$paramod\mix_single_col_generic\DIRECTION=s32'00000000000000000000000000000010.$proc$../../rtl/mix_columns.sv:87$683'.
No latch inferred for signal `$paramod\mix_single_col_generic\DIRECTION=s32'00000000000000000000000000000010.\xtime$func$../../rtl/mix_columns.sv:87$572.$result' from process `$paramod\mix_single_col_generic\DIRECTION=s32'00000000000000000000000000000010.$proc$../../rtl/mix_columns.sv:87$675'.
No latch inferred for signal `$paramod\mix_single_col_generic\DIRECTION=s32'00000000000000000000000000000010.\xtime$func$../../rtl/mix_columns.sv:87$586.$result' from process `$paramod\mix_single_col_generic\DIRECTION=s32'00000000000000000000000000000010.$proc$../../rtl/mix_columns.sv:87$675'.
No latch inferred for signal `$paramod\mix_single_col_generic\DIRECTION=s32'00000000000000000000000000000010.\xtime$func$../../rtl/mix_columns.sv:87$586.b' from process `$paramod\mix_single_col_generic\DIRECTION=s32'00000000000000000000000000000010.$proc$../../rtl/mix_columns.sv:87$675'.
No latch inferred for signal `$paramod\mix_single_col_generic\DIRECTION=s32'00000000000000000000000000000010.\xtime$func$../../rtl/mix_columns.sv:82$571.$result' from process `$paramod\mix_single_col_generic\DIRECTION=s32'00000000000000000000000000000010.$proc$../../rtl/mix_columns.sv:82$661'.
No latch inferred for signal `$paramod\mix_single_col_generic\DIRECTION=s32'00000000000000000000000000000010.\xtime$func$../../rtl/mix_columns.sv:82$585.$result' from process `$paramod\mix_single_col_generic\DIRECTION=s32'00000000000000000000000000000010.$proc$../../rtl/mix_columns.sv:82$661'.
No latch inferred for signal `$paramod\mix_single_col_generic\DIRECTION=s32'00000000000000000000000000000010.\xtime$func$../../rtl/mix_columns.sv:82$585.b' from process `$paramod\mix_single_col_generic\DIRECTION=s32'00000000000000000000000000000010.$proc$../../rtl/mix_columns.sv:82$661'.
No latch inferred for signal `$paramod\mix_single_col_generic\DIRECTION=s32'00000000000000000000000000000010.\xtime$func$../../rtl/mix_columns.sv:82$570.$result' from process `$paramod\mix_single_col_generic\DIRECTION=s32'00000000000000000000000000000010.$proc$../../rtl/mix_columns.sv:82$653'.
No latch inferred for signal `$paramod\mix_single_col_generic\DIRECTION=s32'00000000000000000000000000000010.\xtime$func$../../rtl/mix_columns.sv:82$584.$result' from process `$paramod\mix_single_col_generic\DIRECTION=s32'00000000000000000000000000000010.$proc$../../rtl/mix_columns.sv:82$653'.
No latch inferred for signal `$paramod\mix_single_col_generic\DIRECTION=s32'00000000000000000000000000000010.\xtime$func$../../rtl/mix_columns.sv:82$584.b' from process `$paramod\mix_single_col_generic\DIRECTION=s32'00000000000000000000000000000010.$proc$../../rtl/mix_columns.sv:82$653'.
No latch inferred for signal `$paramod\mix_single_col_generic\DIRECTION=s32'00000000000000000000000000000010.\xtime$func$../../rtl/mix_columns.sv:81$569.$result' from process `$paramod\mix_single_col_generic\DIRECTION=s32'00000000000000000000000000000010.$proc$../../rtl/mix_columns.sv:81$641'.
No latch inferred for signal `$paramod\mix_single_col_generic\DIRECTION=s32'00000000000000000000000000000010.\xtime$func$../../rtl/mix_columns.sv:81$583.$result' from process `$paramod\mix_single_col_generic\DIRECTION=s32'00000000000000000000000000000010.$proc$../../rtl/mix_columns.sv:81$641'.
No latch inferred for signal `$paramod\mix_single_col_generic\DIRECTION=s32'00000000000000000000000000000010.\xtime$func$../../rtl/mix_columns.sv:81$583.b' from process `$paramod\mix_single_col_generic\DIRECTION=s32'00000000000000000000000000000010.$proc$../../rtl/mix_columns.sv:81$641'.
No latch inferred for signal `$paramod\mix_single_col_generic\DIRECTION=s32'00000000000000000000000000000010.\xtime$func$../../rtl/mix_columns.sv:81$568.$result' from process `$paramod\mix_single_col_generic\DIRECTION=s32'00000000000000000000000000000010.$proc$../../rtl/mix_columns.sv:81$633'.
No latch inferred for signal `$paramod\mix_single_col_generic\DIRECTION=s32'00000000000000000000000000000010.\xtime$func$../../rtl/mix_columns.sv:81$582.$result' from process `$paramod\mix_single_col_generic\DIRECTION=s32'00000000000000000000000000000010.$proc$../../rtl/mix_columns.sv:81$633'.
No latch inferred for signal `$paramod\mix_single_col_generic\DIRECTION=s32'00000000000000000000000000000010.\xtime$func$../../rtl/mix_columns.sv:81$582.b' from process `$paramod\mix_single_col_generic\DIRECTION=s32'00000000000000000000000000000010.$proc$../../rtl/mix_columns.sv:81$633'.
No latch inferred for signal `$paramod\mix_single_col_generic\DIRECTION=s32'00000000000000000000000000000010.\xtime$func$../../rtl/mix_columns.sv:80$567.$result' from process `$paramod\mix_single_col_generic\DIRECTION=s32'00000000000000000000000000000010.$proc$../../rtl/mix_columns.sv:80$621'.
No latch inferred for signal `$paramod\mix_single_col_generic\DIRECTION=s32'00000000000000000000000000000010.\xtime$func$../../rtl/mix_columns.sv:80$581.$result' from process `$paramod\mix_single_col_generic\DIRECTION=s32'00000000000000000000000000000010.$proc$../../rtl/mix_columns.sv:80$621'.
No latch inferred for signal `$paramod\mix_single_col_generic\DIRECTION=s32'00000000000000000000000000000010.\xtime$func$../../rtl/mix_columns.sv:80$581.b' from process `$paramod\mix_single_col_generic\DIRECTION=s32'00000000000000000000000000000010.$proc$../../rtl/mix_columns.sv:80$621'.
No latch inferred for signal `$paramod\mix_single_col_generic\DIRECTION=s32'00000000000000000000000000000010.\xtime$func$../../rtl/mix_columns.sv:80$566.$result' from process `$paramod\mix_single_col_generic\DIRECTION=s32'00000000000000000000000000000010.$proc$../../rtl/mix_columns.sv:80$613'.
No latch inferred for signal `$paramod\mix_single_col_generic\DIRECTION=s32'00000000000000000000000000000010.\xtime$func$../../rtl/mix_columns.sv:80$580.$result' from process `$paramod\mix_single_col_generic\DIRECTION=s32'00000000000000000000000000000010.$proc$../../rtl/mix_columns.sv:80$613'.
No latch inferred for signal `$paramod\mix_single_col_generic\DIRECTION=s32'00000000000000000000000000000010.\xtime$func$../../rtl/mix_columns.sv:80$580.b' from process `$paramod\mix_single_col_generic\DIRECTION=s32'00000000000000000000000000000010.$proc$../../rtl/mix_columns.sv:80$613'.
No latch inferred for signal `$paramod\mix_single_col_generic\DIRECTION=s32'00000000000000000000000000000010.\xtime$func$../../rtl/mix_columns.sv:79$565.$result' from process `$paramod\mix_single_col_generic\DIRECTION=s32'00000000000000000000000000000010.$proc$../../rtl/mix_columns.sv:79$601'.
No latch inferred for signal `$paramod\mix_single_col_generic\DIRECTION=s32'00000000000000000000000000000010.\xtime$func$../../rtl/mix_columns.sv:79$579.$result' from process `$paramod\mix_single_col_generic\DIRECTION=s32'00000000000000000000000000000010.$proc$../../rtl/mix_columns.sv:79$601'.
No latch inferred for signal `$paramod\mix_single_col_generic\DIRECTION=s32'00000000000000000000000000000010.\xtime$func$../../rtl/mix_columns.sv:79$579.b' from process `$paramod\mix_single_col_generic\DIRECTION=s32'00000000000000000000000000000010.$proc$../../rtl/mix_columns.sv:79$601'.
No latch inferred for signal `$paramod\mix_single_col_generic\DIRECTION=s32'00000000000000000000000000000010.\xtime$func$../../rtl/mix_columns.sv:79$564.$result' from process `$paramod\mix_single_col_generic\DIRECTION=s32'00000000000000000000000000000010.$proc$../../rtl/mix_columns.sv:79$593'.
No latch inferred for signal `$paramod\mix_single_col_generic\DIRECTION=s32'00000000000000000000000000000010.\xtime$func$../../rtl/mix_columns.sv:79$578.$result' from process `$paramod\mix_single_col_generic\DIRECTION=s32'00000000000000000000000000000010.$proc$../../rtl/mix_columns.sv:79$593'.
No latch inferred for signal `$paramod\mix_single_col_generic\DIRECTION=s32'00000000000000000000000000000010.\xtime$func$../../rtl/mix_columns.sv:79$578.b' from process `$paramod\mix_single_col_generic\DIRECTION=s32'00000000000000000000000000000010.$proc$../../rtl/mix_columns.sv:79$593'.
No latch inferred for signal `\inv_sbox_lut.\out' from process `\inv_sbox_lut.$proc$../../rtl/sbox.sv:164$3'.
No latch inferred for signal `\sbox_lut.\out' from process `\sbox_lut.$proc$../../rtl/sbox.sv:89$2'.

8.9. Executing PROC_DFF pass (convert process syncs to FFs).

8.10. Executing PROC_MEMWR pass (convert process memory writes to cells).

8.11. Executing PROC_CLEAN pass (remove empty switches from decision trees).
Removing empty process `$paramod\mix_single_col_generic\DIRECTION=s32'00000000000000000000000000000010.$proc$../../rtl/mix_columns.sv:90$715'.
Removing empty process `$paramod\mix_single_col_generic\DIRECTION=s32'00000000000000000000000000000010.$proc$../../rtl/mix_columns.sv:89$707'.
Removing empty process `$paramod\mix_single_col_generic\DIRECTION=s32'00000000000000000000000000000010.$proc$../../rtl/mix_columns.sv:88$699'.
Removing empty process `$paramod\mix_single_col_generic\DIRECTION=s32'00000000000000000000000000000010.$proc$../../rtl/mix_columns.sv:88$691'.
Removing empty process `$paramod\mix_single_col_generic\DIRECTION=s32'00000000000000000000000000000010.$proc$../../rtl/mix_columns.sv:87$683'.
Removing empty process `$paramod\mix_single_col_generic\DIRECTION=s32'00000000000000000000000000000010.$proc$../../rtl/mix_columns.sv:87$675'.
Removing empty process `$paramod\mix_single_col_generic\DIRECTION=s32'00000000000000000000000000000010.$proc$../../rtl/mix_columns.sv:82$661'.
Removing empty process `$paramod\mix_single_col_generic\DIRECTION=s32'00000000000000000000000000000010.$proc$../../rtl/mix_columns.sv:82$653'.
Removing empty process `$paramod\mix_single_col_generic\DIRECTION=s32'00000000000000000000000000000010.$proc$../../rtl/mix_columns.sv:81$641'.
Removing empty process `$paramod\mix_single_col_generic\DIRECTION=s32'00000000000000000000000000000010.$proc$../../rtl/mix_columns.sv:81$633'.
Removing empty process `$paramod\mix_single_col_generic\DIRECTION=s32'00000000000000000000000000000010.$proc$../../rtl/mix_columns.sv:80$621'.
Removing empty process `$paramod\mix_single_col_generic\DIRECTION=s32'00000000000000000000000000000010.$proc$../../rtl/mix_columns.sv:80$613'.
Removing empty process `$paramod\mix_single_col_generic\DIRECTION=s32'00000000000000000000000000000010.$proc$../../rtl/mix_columns.sv:79$601'.
Removing empty process `$paramod\mix_single_col_generic\DIRECTION=s32'00000000000000000000000000000010.$proc$../../rtl/mix_columns.sv:79$593'.
Found and cleaned up 1 empty switch in `\inv_sbox_lut.$proc$../../rtl/sbox.sv:164$3'.
Removing empty process `inv_sbox_lut.$proc$../../rtl/sbox.sv:164$3'.
Found and cleaned up 1 empty switch in `\sbox_lut.$proc$../../rtl/sbox.sv:89$2'.
Removing empty process `sbox_lut.$proc$../../rtl/sbox.sv:89$2'.
Cleaned up 2 empty switches.

8.12. Executing OPT_EXPR pass (perform const folding).
Optimizing module $paramod\shift_rows_generic\DIRECTION=s32'00000000000000000000000000000010.
<suppressed ~1 debug messages>
Optimizing module $paramod$abb245fec7a916e8c0859ecb960377b7bb9ba133\sub_generic.
Optimizing module $paramod\mix_single_col_generic\DIRECTION=s32'00000000000000000000000000000010.
<suppressed ~43 debug messages>
Optimizing module $paramod$c0d07c46bbdb59e026b2dadc338d8c44a2d2f9b9\sbox_generic.
<suppressed ~1 debug messages>
Optimizing module inv_sbox_lut.
Optimizing module sbox_lut.
Optimizing module aes_round_generic.
<suppressed ~1 debug messages>
Optimizing module $paramod\mix_columns_generic\DIRECTION=s32'00000000000000000000000000000010.

9. Executing OPT pass (performing simple optimizations).

9.1. Executing OPT_EXPR pass (perform const folding).
Optimizing module $paramod\shift_rows_generic\DIRECTION=s32'00000000000000000000000000000010.
Optimizing module $paramod$abb245fec7a916e8c0859ecb960377b7bb9ba133\sub_generic.
Optimizing module $paramod\mix_single_col_generic\DIRECTION=s32'00000000000000000000000000000010.
Optimizing module $paramod$c0d07c46bbdb59e026b2dadc338d8c44a2d2f9b9\sbox_generic.
Optimizing module inv_sbox_lut.
Optimizing module sbox_lut.
Optimizing module aes_round_generic.
Optimizing module $paramod\mix_columns_generic\DIRECTION=s32'00000000000000000000000000000010.

9.2. Executing OPT_MERGE pass (detect identical cells).
Finding identical cells in module `$paramod\shift_rows_generic\DIRECTION=s32'00000000000000000000000000000010'.
Computing hashes of 1 cells of `$paramod\shift_rows_generic\DIRECTION=s32'00000000000000000000000000000010'.
Finding duplicate cells in `$paramod\shift_rows_generic\DIRECTION=s32'00000000000000000000000000000010'.
Finding identical cells in module `$paramod$abb245fec7a916e8c0859ecb960377b7bb9ba133\sub_generic'.
Computing hashes of 16 cells of `$paramod$abb245fec7a916e8c0859ecb960377b7bb9ba133\sub_generic'.
Finding duplicate cells in `$paramod$abb245fec7a916e8c0859ecb960377b7bb9ba133\sub_generic'.
Finding identical cells in module `$paramod\mix_single_col_generic\DIRECTION=s32'00000000000000000000000000000010'.
Computing hashes of 58 cells of `$paramod\mix_single_col_generic\DIRECTION=s32'00000000000000000000000000000010'.
Finding duplicate cells in `$paramod\mix_single_col_generic\DIRECTION=s32'00000000000000000000000000000010'.
Computing hashes of 54 cells of `$paramod\mix_single_col_generic\DIRECTION=s32'00000000000000000000000000000010'.
Finding duplicate cells in `$paramod\mix_single_col_generic\DIRECTION=s32'00000000000000000000000000000010'.
<suppressed ~12 debug messages>
Finding identical cells in module `$paramod$c0d07c46bbdb59e026b2dadc338d8c44a2d2f9b9\sbox_generic'.
Computing hashes of 3 cells of `$paramod$c0d07c46bbdb59e026b2dadc338d8c44a2d2f9b9\sbox_generic'.
Finding duplicate cells in `$paramod$c0d07c46bbdb59e026b2dadc338d8c44a2d2f9b9\sbox_generic'.
Finding identical cells in module `\inv_sbox_lut'.
Computing hashes of 2 cells of `\inv_sbox_lut'.
Finding duplicate cells in `\inv_sbox_lut'.
Finding identical cells in module `\sbox_lut'.
Computing hashes of 2 cells of `\sbox_lut'.
Finding duplicate cells in `\sbox_lut'.
Finding identical cells in module `\aes_round_generic'.
Computing hashes of 6 cells of `\aes_round_generic'.
Finding duplicate cells in `\aes_round_generic'.
Finding identical cells in module `$paramod\mix_columns_generic\DIRECTION=s32'00000000000000000000000000000010'.
Computing hashes of 4 cells of `$paramod\mix_columns_generic\DIRECTION=s32'00000000000000000000000000000010'.
Finding duplicate cells in `$paramod\mix_columns_generic\DIRECTION=s32'00000000000000000000000000000010'.
Removed a total of 4 cells.

9.3. Executing OPT_MUXTREE pass (detect dead branches in mux trees).
Running muxtree optimizer on module $paramod\shift_rows_generic\DIRECTION=s32'00000000000000000000000000000010..
  Creating internal representation of mux trees.
  Evaluating internal representation of mux trees.
  Analyzing evaluation results.
Running muxtree optimizer on module $paramod$abb245fec7a916e8c0859ecb960377b7bb9ba133\sub_generic..
  Creating internal representation of mux trees.
  No muxes found in this module.
Running muxtree optimizer on module $paramod\mix_single_col_generic\DIRECTION=s32'00000000000000000000000000000010..
  Creating internal representation of mux trees.
  Evaluating internal representation of mux trees.
  Analyzing evaluation results.
Running muxtree optimizer on module $paramod$c0d07c46bbdb59e026b2dadc338d8c44a2d2f9b9\sbox_generic..
  Creating internal representation of mux trees.
  Evaluating internal representation of mux trees.
  Analyzing evaluation results.
Running muxtree optimizer on module \inv_sbox_lut..
  Creating internal representation of mux trees.
  No muxes found in this module.
Running muxtree optimizer on module \sbox_lut..
  Creating internal representation of mux trees.
  No muxes found in this module.
Running muxtree optimizer on module \aes_round_generic..
  Creating internal representation of mux trees.
  Evaluating internal representation of mux trees.
  Analyzing evaluation results.
Running muxtree optimizer on module $paramod\mix_columns_generic\DIRECTION=s32'00000000000000000000000000000010..
  Creating internal representation of mux trees.
  No muxes found in this module.
Removed 0 multiplexer ports.
<suppressed ~42 debug messages>

9.4. Executing OPT_REDUCE pass (consolidate $*mux and $reduce_* inputs).
  Optimizing cells in module $paramod\shift_rows_generic\DIRECTION=s32'00000000000000000000000000000010.
  Optimizing cells in module $paramod$abb245fec7a916e8c0859ecb960377b7bb9ba133\sub_generic.
  Optimizing cells in module $paramod\mix_single_col_generic\DIRECTION=s32'00000000000000000000000000000010.
  Optimizing cells in module $paramod$c0d07c46bbdb59e026b2dadc338d8c44a2d2f9b9\sbox_generic.
  Optimizing cells in module \inv_sbox_lut.
  Optimizing cells in module \sbox_lut.
  Optimizing cells in module \aes_round_generic.
  Optimizing cells in module $paramod\mix_columns_generic\DIRECTION=s32'00000000000000000000000000000010.
Performed a total of 0 changes.

9.5. Executing OPT_MERGE pass (detect identical cells).
Finding identical cells in module `$paramod\shift_rows_generic\DIRECTION=s32'00000000000000000000000000000010'.
Computing hashes of 1 cells of `$paramod\shift_rows_generic\DIRECTION=s32'00000000000000000000000000000010'.
Finding duplicate cells in `$paramod\shift_rows_generic\DIRECTION=s32'00000000000000000000000000000010'.
Finding identical cells in module `$paramod$abb245fec7a916e8c0859ecb960377b7bb9ba133\sub_generic'.
Computing hashes of 16 cells of `$paramod$abb245fec7a916e8c0859ecb960377b7bb9ba133\sub_generic'.
Finding duplicate cells in `$paramod$abb245fec7a916e8c0859ecb960377b7bb9ba133\sub_generic'.
Finding identical cells in module `$paramod\mix_single_col_generic\DIRECTION=s32'00000000000000000000000000000010'.
Computing hashes of 54 cells of `$paramod\mix_single_col_generic\DIRECTION=s32'00000000000000000000000000000010'.
Finding duplicate cells in `$paramod\mix_single_col_generic\DIRECTION=s32'00000000000000000000000000000010'.
Computing hashes of 50 cells of `$paramod\mix_single_col_generic\DIRECTION=s32'00000000000000000000000000000010'.
Finding duplicate cells in `$paramod\mix_single_col_generic\DIRECTION=s32'00000000000000000000000000000010'.
<suppressed ~12 debug messages>
Finding identical cells in module `$paramod$c0d07c46bbdb59e026b2dadc338d8c44a2d2f9b9\sbox_generic'.
Computing hashes of 3 cells of `$paramod$c0d07c46bbdb59e026b2dadc338d8c44a2d2f9b9\sbox_generic'.
Finding duplicate cells in `$paramod$c0d07c46bbdb59e026b2dadc338d8c44a2d2f9b9\sbox_generic'.
Finding identical cells in module `\inv_sbox_lut'.
Computing hashes of 2 cells of `\inv_sbox_lut'.
Finding duplicate cells in `\inv_sbox_lut'.
Finding identical cells in module `\sbox_lut'.
Computing hashes of 2 cells of `\sbox_lut'.
Finding duplicate cells in `\sbox_lut'.
Finding identical cells in module `\aes_round_generic'.
Computing hashes of 6 cells of `\aes_round_generic'.
Finding duplicate cells in `\aes_round_generic'.
Finding identical cells in module `$paramod\mix_columns_generic\DIRECTION=s32'00000000000000000000000000000010'.
Computing hashes of 4 cells of `$paramod\mix_columns_generic\DIRECTION=s32'00000000000000000000000000000010'.
Finding duplicate cells in `$paramod\mix_columns_generic\DIRECTION=s32'00000000000000000000000000000010'.
Removed a total of 4 cells.

9.6. Executing OPT_DFF pass (perform DFF optimizations).

9.7. Executing OPT_CLEAN pass (remove unused cells and wires).
Finding unused cells or wires in module $paramod\shift_rows_generic\DIRECTION=s32'00000000000000000000000000000010..
Finding unused cells or wires in module $paramod$abb245fec7a916e8c0859ecb960377b7bb9ba133\sub_generic..
Finding unused cells or wires in module $paramod\mix_single_col_generic\DIRECTION=s32'00000000000000000000000000000010..
Finding unused cells or wires in module $paramod$c0d07c46bbdb59e026b2dadc338d8c44a2d2f9b9\sbox_generic..
Finding unused cells or wires in module \inv_sbox_lut..
Finding unused cells or wires in module \sbox_lut..
Finding unused cells or wires in module \aes_round_generic..
Finding unused cells or wires in module $paramod\mix_columns_generic\DIRECTION=s32'00000000000000000000000000000010..
Removed 0 unused cells and 152 unused wires.
<suppressed ~8 debug messages>

9.8. Executing OPT_EXPR pass (perform const folding).
Optimizing module $paramod\shift_rows_generic\DIRECTION=s32'00000000000000000000000000000010.
Optimizing module $paramod$abb245fec7a916e8c0859ecb960377b7bb9ba133\sub_generic.
Optimizing module $paramod\mix_single_col_generic\DIRECTION=s32'00000000000000000000000000000010.
Optimizing module $paramod$c0d07c46bbdb59e026b2dadc338d8c44a2d2f9b9\sbox_generic.
Optimizing module inv_sbox_lut.
Optimizing module sbox_lut.
Optimizing module aes_round_generic.
Optimizing module $paramod\mix_columns_generic\DIRECTION=s32'00000000000000000000000000000010.

9.9. Rerunning OPT passes. (Maybe there is more to do..)

9.10. Executing OPT_MUXTREE pass (detect dead branches in mux trees).
Running muxtree optimizer on module $paramod\shift_rows_generic\DIRECTION=s32'00000000000000000000000000000010..
  Creating internal representation of mux trees.
  Evaluating internal representation of mux trees.
  Analyzing evaluation results.
Running muxtree optimizer on module $paramod$abb245fec7a916e8c0859ecb960377b7bb9ba133\sub_generic..
  Creating internal representation of mux trees.
  No muxes found in this module.
Running muxtree optimizer on module $paramod\mix_single_col_generic\DIRECTION=s32'00000000000000000000000000000010..
  Creating internal representation of mux trees.
  Evaluating internal representation of mux trees.
  Analyzing evaluation results.
Running muxtree optimizer on module $paramod$c0d07c46bbdb59e026b2dadc338d8c44a2d2f9b9\sbox_generic..
  Creating internal representation of mux trees.
  Evaluating internal representation of mux trees.
  Analyzing evaluation results.
Running muxtree optimizer on module \inv_sbox_lut..
  Creating internal representation of mux trees.
  No muxes found in this module.
Running muxtree optimizer on module \sbox_lut..
  Creating internal representation of mux trees.
  No muxes found in this module.
Running muxtree optimizer on module \aes_round_generic..
  Creating internal representation of mux trees.
  Evaluating internal representation of mux trees.
  Analyzing evaluation results.
Running muxtree optimizer on module $paramod\mix_columns_generic\DIRECTION=s32'00000000000000000000000000000010..
  Creating internal representation of mux trees.
  No muxes found in this module.
Removed 0 multiplexer ports.
<suppressed ~34 debug messages>

9.11. Executing OPT_REDUCE pass (consolidate $*mux and $reduce_* inputs).
  Optimizing cells in module $paramod\shift_rows_generic\DIRECTION=s32'00000000000000000000000000000010.
  Optimizing cells in module $paramod$abb245fec7a916e8c0859ecb960377b7bb9ba133\sub_generic.
  Optimizing cells in module $paramod\mix_single_col_generic\DIRECTION=s32'00000000000000000000000000000010.
  Optimizing cells in module $paramod$c0d07c46bbdb59e026b2dadc338d8c44a2d2f9b9\sbox_generic.
  Optimizing cells in module \inv_sbox_lut.
  Optimizing cells in module \sbox_lut.
  Optimizing cells in module \aes_round_generic.
  Optimizing cells in module $paramod\mix_columns_generic\DIRECTION=s32'00000000000000000000000000000010.
Performed a total of 0 changes.

9.12. Executing OPT_MERGE pass (detect identical cells).
Finding identical cells in module `$paramod\shift_rows_generic\DIRECTION=s32'00000000000000000000000000000010'.
Computing hashes of 1 cells of `$paramod\shift_rows_generic\DIRECTION=s32'00000000000000000000000000000010'.
Finding duplicate cells in `$paramod\shift_rows_generic\DIRECTION=s32'00000000000000000000000000000010'.
Finding identical cells in module `$paramod$abb245fec7a916e8c0859ecb960377b7bb9ba133\sub_generic'.
Computing hashes of 16 cells of `$paramod$abb245fec7a916e8c0859ecb960377b7bb9ba133\sub_generic'.
Finding duplicate cells in `$paramod$abb245fec7a916e8c0859ecb960377b7bb9ba133\sub_generic'.
Finding identical cells in module `$paramod\mix_single_col_generic\DIRECTION=s32'00000000000000000000000000000010'.
Computing hashes of 50 cells of `$paramod\mix_single_col_generic\DIRECTION=s32'00000000000000000000000000000010'.
Finding duplicate cells in `$paramod\mix_single_col_generic\DIRECTION=s32'00000000000000000000000000000010'.
Finding identical cells in module `$paramod$c0d07c46bbdb59e026b2dadc338d8c44a2d2f9b9\sbox_generic'.
Computing hashes of 3 cells of `$paramod$c0d07c46bbdb59e026b2dadc338d8c44a2d2f9b9\sbox_generic'.
Finding duplicate cells in `$paramod$c0d07c46bbdb59e026b2dadc338d8c44a2d2f9b9\sbox_generic'.
Finding identical cells in module `\inv_sbox_lut'.
Computing hashes of 2 cells of `\inv_sbox_lut'.
Finding duplicate cells in `\inv_sbox_lut'.
Finding identical cells in module `\sbox_lut'.
Computing hashes of 2 cells of `\sbox_lut'.
Finding duplicate cells in `\sbox_lut'.
Finding identical cells in module `\aes_round_generic'.
Computing hashes of 6 cells of `\aes_round_generic'.
Finding duplicate cells in `\aes_round_generic'.
Finding identical cells in module `$paramod\mix_columns_generic\DIRECTION=s32'00000000000000000000000000000010'.
Computing hashes of 4 cells of `$paramod\mix_columns_generic\DIRECTION=s32'00000000000000000000000000000010'.
Finding duplicate cells in `$paramod\mix_columns_generic\DIRECTION=s32'00000000000000000000000000000010'.
Removed a total of 0 cells.

9.13. Executing OPT_DFF pass (perform DFF optimizations).

9.14. Executing OPT_CLEAN pass (remove unused cells and wires).
Finding unused cells or wires in module $paramod\shift_rows_generic\DIRECTION=s32'00000000000000000000000000000010..
Finding unused cells or wires in module $paramod$abb245fec7a916e8c0859ecb960377b7bb9ba133\sub_generic..
Finding unused cells or wires in module $paramod\mix_single_col_generic\DIRECTION=s32'00000000000000000000000000000010..
Finding unused cells or wires in module $paramod$c0d07c46bbdb59e026b2dadc338d8c44a2d2f9b9\sbox_generic..
Finding unused cells or wires in module \inv_sbox_lut..
Finding unused cells or wires in module \sbox_lut..
Finding unused cells or wires in module \aes_round_generic..
Finding unused cells or wires in module $paramod\mix_columns_generic\DIRECTION=s32'00000000000000000000000000000010..

9.15. Executing OPT_EXPR pass (perform const folding).
Optimizing module $paramod\shift_rows_generic\DIRECTION=s32'00000000000000000000000000000010.
Optimizing module $paramod$abb245fec7a916e8c0859ecb960377b7bb9ba133\sub_generic.
Optimizing module $paramod\mix_single_col_generic\DIRECTION=s32'00000000000000000000000000000010.
Optimizing module $paramod$c0d07c46bbdb59e026b2dadc338d8c44a2d2f9b9\sbox_generic.
Optimizing module inv_sbox_lut.
Optimizing module sbox_lut.
Optimizing module aes_round_generic.
Optimizing module $paramod\mix_columns_generic\DIRECTION=s32'00000000000000000000000000000010.

9.16. Finished fast OPT passes. (There is nothing left to do.)

10. Executing FSM pass (extract and optimize FSM).

10.1. Executing FSM_DETECT pass (finding FSMs in design).

10.2. Executing FSM_EXTRACT pass (extracting FSM from design).

10.3. Executing FSM_OPT pass (simple optimizations of FSMs).

10.4. Executing OPT_CLEAN pass (remove unused cells and wires).
Finding unused cells or wires in module $paramod\shift_rows_generic\DIRECTION=s32'00000000000000000000000000000010..
Finding unused cells or wires in module $paramod$abb245fec7a916e8c0859ecb960377b7bb9ba133\sub_generic..
Finding unused cells or wires in module $paramod\mix_single_col_generic\DIRECTION=s32'00000000000000000000000000000010..
Finding unused cells or wires in module $paramod$c0d07c46bbdb59e026b2dadc338d8c44a2d2f9b9\sbox_generic..
Finding unused cells or wires in module \inv_sbox_lut..
Finding unused cells or wires in module \sbox_lut..
Finding unused cells or wires in module \aes_round_generic..
Finding unused cells or wires in module $paramod\mix_columns_generic\DIRECTION=s32'00000000000000000000000000000010..

10.5. Executing FSM_OPT pass (simple optimizations of FSMs).

10.6. Executing FSM_RECODE pass (re-assigning FSM state encoding).

10.7. Executing FSM_INFO pass (dumping all available information on FSM cells).

10.8. Executing FSM_MAP pass (mapping FSMs to basic logic).

11. Executing OPT pass (performing simple optimizations).

11.1. Executing OPT_EXPR pass (perform const folding).
Optimizing module $paramod\shift_rows_generic\DIRECTION=s32'00000000000000000000000000000010.
Optimizing module $paramod$abb245fec7a916e8c0859ecb960377b7bb9ba133\sub_generic.
Optimizing module $paramod\mix_single_col_generic\DIRECTION=s32'00000000000000000000000000000010.
Optimizing module $paramod$c0d07c46bbdb59e026b2dadc338d8c44a2d2f9b9\sbox_generic.
Optimizing module inv_sbox_lut.
Optimizing module sbox_lut.
Optimizing module aes_round_generic.
Optimizing module $paramod\mix_columns_generic\DIRECTION=s32'00000000000000000000000000000010.

11.2. Executing OPT_MERGE pass (detect identical cells).
Finding identical cells in module `$paramod\shift_rows_generic\DIRECTION=s32'00000000000000000000000000000010'.
Computing hashes of 1 cells of `$paramod\shift_rows_generic\DIRECTION=s32'00000000000000000000000000000010'.
Finding duplicate cells in `$paramod\shift_rows_generic\DIRECTION=s32'00000000000000000000000000000010'.
Finding identical cells in module `$paramod$abb245fec7a916e8c0859ecb960377b7bb9ba133\sub_generic'.
Computing hashes of 16 cells of `$paramod$abb245fec7a916e8c0859ecb960377b7bb9ba133\sub_generic'.
Finding duplicate cells in `$paramod$abb245fec7a916e8c0859ecb960377b7bb9ba133\sub_generic'.
Finding identical cells in module `$paramod\mix_single_col_generic\DIRECTION=s32'00000000000000000000000000000010'.
Computing hashes of 50 cells of `$paramod\mix_single_col_generic\DIRECTION=s32'00000000000000000000000000000010'.
Finding duplicate cells in `$paramod\mix_single_col_generic\DIRECTION=s32'00000000000000000000000000000010'.
Finding identical cells in module `$paramod$c0d07c46bbdb59e026b2dadc338d8c44a2d2f9b9\sbox_generic'.
Computing hashes of 3 cells of `$paramod$c0d07c46bbdb59e026b2dadc338d8c44a2d2f9b9\sbox_generic'.
Finding duplicate cells in `$paramod$c0d07c46bbdb59e026b2dadc338d8c44a2d2f9b9\sbox_generic'.
Finding identical cells in module `\inv_sbox_lut'.
Computing hashes of 2 cells of `\inv_sbox_lut'.
Finding duplicate cells in `\inv_sbox_lut'.
Finding identical cells in module `\sbox_lut'.
Computing hashes of 2 cells of `\sbox_lut'.
Finding duplicate cells in `\sbox_lut'.
Finding identical cells in module `\aes_round_generic'.
Computing hashes of 6 cells of `\aes_round_generic'.
Finding duplicate cells in `\aes_round_generic'.
Finding identical cells in module `$paramod\mix_columns_generic\DIRECTION=s32'00000000000000000000000000000010'.
Computing hashes of 4 cells of `$paramod\mix_columns_generic\DIRECTION=s32'00000000000000000000000000000010'.
Finding duplicate cells in `$paramod\mix_columns_generic\DIRECTION=s32'00000000000000000000000000000010'.
Removed a total of 0 cells.

11.3. Executing OPT_MUXTREE pass (detect dead branches in mux trees).
Running muxtree optimizer on module $paramod\shift_rows_generic\DIRECTION=s32'00000000000000000000000000000010..
  Creating internal representation of mux trees.
  Evaluating internal representation of mux trees.
  Analyzing evaluation results.
Running muxtree optimizer on module $paramod$abb245fec7a916e8c0859ecb960377b7bb9ba133\sub_generic..
  Creating internal representation of mux trees.
  No muxes found in this module.
Running muxtree optimizer on module $paramod\mix_single_col_generic\DIRECTION=s32'00000000000000000000000000000010..
  Creating internal representation of mux trees.
  Evaluating internal representation of mux trees.
  Analyzing evaluation results.
Running muxtree optimizer on module $paramod$c0d07c46bbdb59e026b2dadc338d8c44a2d2f9b9\sbox_generic..
  Creating internal representation of mux trees.
  Evaluating internal representation of mux trees.
  Analyzing evaluation results.
Running muxtree optimizer on module \inv_sbox_lut..
  Creating internal representation of mux trees.
  No muxes found in this module.
Running muxtree optimizer on module \sbox_lut..
  Creating internal representation of mux trees.
  No muxes found in this module.
Running muxtree optimizer on module \aes_round_generic..
  Creating internal representation of mux trees.
  Evaluating internal representation of mux trees.
  Analyzing evaluation results.
Running muxtree optimizer on module $paramod\mix_columns_generic\DIRECTION=s32'00000000000000000000000000000010..
  Creating internal representation of mux trees.
  No muxes found in this module.
Removed 0 multiplexer ports.
<suppressed ~34 debug messages>

11.4. Executing OPT_REDUCE pass (consolidate $*mux and $reduce_* inputs).
  Optimizing cells in module $paramod\shift_rows_generic\DIRECTION=s32'00000000000000000000000000000010.
  Optimizing cells in module $paramod$abb245fec7a916e8c0859ecb960377b7bb9ba133\sub_generic.
  Optimizing cells in module $paramod\mix_single_col_generic\DIRECTION=s32'00000000000000000000000000000010.
  Optimizing cells in module $paramod$c0d07c46bbdb59e026b2dadc338d8c44a2d2f9b9\sbox_generic.
  Optimizing cells in module \inv_sbox_lut.
  Optimizing cells in module \sbox_lut.
  Optimizing cells in module \aes_round_generic.
  Optimizing cells in module $paramod\mix_columns_generic\DIRECTION=s32'00000000000000000000000000000010.
Performed a total of 0 changes.

11.5. Executing OPT_MERGE pass (detect identical cells).
Finding identical cells in module `$paramod\shift_rows_generic\DIRECTION=s32'00000000000000000000000000000010'.
Computing hashes of 1 cells of `$paramod\shift_rows_generic\DIRECTION=s32'00000000000000000000000000000010'.
Finding duplicate cells in `$paramod\shift_rows_generic\DIRECTION=s32'00000000000000000000000000000010'.
Finding identical cells in module `$paramod$abb245fec7a916e8c0859ecb960377b7bb9ba133\sub_generic'.
Computing hashes of 16 cells of `$paramod$abb245fec7a916e8c0859ecb960377b7bb9ba133\sub_generic'.
Finding duplicate cells in `$paramod$abb245fec7a916e8c0859ecb960377b7bb9ba133\sub_generic'.
Finding identical cells in module `$paramod\mix_single_col_generic\DIRECTION=s32'00000000000000000000000000000010'.
Computing hashes of 50 cells of `$paramod\mix_single_col_generic\DIRECTION=s32'00000000000000000000000000000010'.
Finding duplicate cells in `$paramod\mix_single_col_generic\DIRECTION=s32'00000000000000000000000000000010'.
Finding identical cells in module `$paramod$c0d07c46bbdb59e026b2dadc338d8c44a2d2f9b9\sbox_generic'.
Computing hashes of 3 cells of `$paramod$c0d07c46bbdb59e026b2dadc338d8c44a2d2f9b9\sbox_generic'.
Finding duplicate cells in `$paramod$c0d07c46bbdb59e026b2dadc338d8c44a2d2f9b9\sbox_generic'.
Finding identical cells in module `\inv_sbox_lut'.
Computing hashes of 2 cells of `\inv_sbox_lut'.
Finding duplicate cells in `\inv_sbox_lut'.
Finding identical cells in module `\sbox_lut'.
Computing hashes of 2 cells of `\sbox_lut'.
Finding duplicate cells in `\sbox_lut'.
Finding identical cells in module `\aes_round_generic'.
Computing hashes of 6 cells of `\aes_round_generic'.
Finding duplicate cells in `\aes_round_generic'.
Finding identical cells in module `$paramod\mix_columns_generic\DIRECTION=s32'00000000000000000000000000000010'.
Computing hashes of 4 cells of `$paramod\mix_columns_generic\DIRECTION=s32'00000000000000000000000000000010'.
Finding duplicate cells in `$paramod\mix_columns_generic\DIRECTION=s32'00000000000000000000000000000010'.
Removed a total of 0 cells.

11.6. Executing OPT_DFF pass (perform DFF optimizations).

11.7. Executing OPT_CLEAN pass (remove unused cells and wires).
Finding unused cells or wires in module $paramod\shift_rows_generic\DIRECTION=s32'00000000000000000000000000000010..
Finding unused cells or wires in module $paramod$abb245fec7a916e8c0859ecb960377b7bb9ba133\sub_generic..
Finding unused cells or wires in module $paramod\mix_single_col_generic\DIRECTION=s32'00000000000000000000000000000010..
Finding unused cells or wires in module $paramod$c0d07c46bbdb59e026b2dadc338d8c44a2d2f9b9\sbox_generic..
Finding unused cells or wires in module \inv_sbox_lut..
Finding unused cells or wires in module \sbox_lut..
Finding unused cells or wires in module \aes_round_generic..
Finding unused cells or wires in module $paramod\mix_columns_generic\DIRECTION=s32'00000000000000000000000000000010..

11.8. Executing OPT_EXPR pass (perform const folding).
Optimizing module $paramod\shift_rows_generic\DIRECTION=s32'00000000000000000000000000000010.
Optimizing module $paramod$abb245fec7a916e8c0859ecb960377b7bb9ba133\sub_generic.
Optimizing module $paramod\mix_single_col_generic\DIRECTION=s32'00000000000000000000000000000010.
Optimizing module $paramod$c0d07c46bbdb59e026b2dadc338d8c44a2d2f9b9\sbox_generic.
Optimizing module inv_sbox_lut.
Optimizing module sbox_lut.
Optimizing module aes_round_generic.
Optimizing module $paramod\mix_columns_generic\DIRECTION=s32'00000000000000000000000000000010.

11.9. Finished fast OPT passes. (There is nothing left to do.)

12. Executing MEMORY pass.

12.1. Executing OPT_MEM pass (optimize memories).
Performed a total of 0 transformations.

12.2. Executing OPT_MEM_PRIORITY pass (removing unnecessary memory write priority relations).
Performed a total of 0 transformations.

12.3. Executing OPT_MEM_FEEDBACK pass (finding memory read-to-write feedback paths).

12.4. Executing MEMORY_BMUX2ROM pass (converting muxes to ROMs).

12.5. Executing MEMORY_DFF pass (merging $dff cells to $memrd).
Checking read port `$auto$proc_rom.cc:155:do_switch$736'[0] in module `\inv_sbox_lut': no output FF found.
Checking read port address `$auto$proc_rom.cc:155:do_switch$736'[0] in module `\inv_sbox_lut': no address FF found.
Checking read port `$auto$proc_rom.cc:155:do_switch$740'[0] in module `\sbox_lut': no output FF found.
Checking read port address `$auto$proc_rom.cc:155:do_switch$740'[0] in module `\sbox_lut': no address FF found.

12.6. Executing OPT_CLEAN pass (remove unused cells and wires).
Finding unused cells or wires in module $paramod\shift_rows_generic\DIRECTION=s32'00000000000000000000000000000010..
Finding unused cells or wires in module $paramod$abb245fec7a916e8c0859ecb960377b7bb9ba133\sub_generic..
Finding unused cells or wires in module $paramod\mix_single_col_generic\DIRECTION=s32'00000000000000000000000000000010..
Finding unused cells or wires in module $paramod$c0d07c46bbdb59e026b2dadc338d8c44a2d2f9b9\sbox_generic..
Finding unused cells or wires in module \inv_sbox_lut..
Finding unused cells or wires in module \sbox_lut..
Finding unused cells or wires in module \aes_round_generic..
Finding unused cells or wires in module $paramod\mix_columns_generic\DIRECTION=s32'00000000000000000000000000000010..

12.7. Executing MEMORY_SHARE pass (consolidating $memrd/$memwr cells).

12.8. Executing OPT_MEM_WIDEN pass (optimize memories where all ports are wide).
Performed a total of 0 transformations.

12.9. Executing OPT_CLEAN pass (remove unused cells and wires).
Finding unused cells or wires in module $paramod\shift_rows_generic\DIRECTION=s32'00000000000000000000000000000010..
Finding unused cells or wires in module $paramod$abb245fec7a916e8c0859ecb960377b7bb9ba133\sub_generic..
Finding unused cells or wires in module $paramod\mix_single_col_generic\DIRECTION=s32'00000000000000000000000000000010..
Finding unused cells or wires in module $paramod$c0d07c46bbdb59e026b2dadc338d8c44a2d2f9b9\sbox_generic..
Finding unused cells or wires in module \inv_sbox_lut..
Finding unused cells or wires in module \sbox_lut..
Finding unused cells or wires in module \aes_round_generic..
Finding unused cells or wires in module $paramod\mix_columns_generic\DIRECTION=s32'00000000000000000000000000000010..

12.10. Executing MEMORY_COLLECT pass (generating $mem cells).

12.11. Executing MEMORY_MAP pass (converting memories to logic and flip-flops).
Mapping memory $auto$proc_rom.cc:155:do_switch$736 in module \inv_sbox_lut:
  created 256 $dff cells and 0 static cells of width 8.
  read interface: 0 $dff and 255 $mux cells.
  write interface: 0 write mux blocks.
Mapping memory $auto$proc_rom.cc:155:do_switch$740 in module \sbox_lut:
  created 256 $dff cells and 0 static cells of width 8.
  read interface: 0 $dff and 255 $mux cells.
  write interface: 0 write mux blocks.

13. Executing OPT pass (performing simple optimizations).

13.1. Executing OPT_EXPR pass (perform const folding).
Optimizing module $paramod\shift_rows_generic\DIRECTION=s32'00000000000000000000000000000010.
Optimizing module $paramod$abb245fec7a916e8c0859ecb960377b7bb9ba133\sub_generic.
Optimizing module $paramod\mix_single_col_generic\DIRECTION=s32'00000000000000000000000000000010.
Optimizing module $paramod$c0d07c46bbdb59e026b2dadc338d8c44a2d2f9b9\sbox_generic.
Optimizing module inv_sbox_lut.
Optimizing module sbox_lut.
Optimizing module aes_round_generic.
Optimizing module $paramod\mix_columns_generic\DIRECTION=s32'00000000000000000000000000000010.

13.2. Executing OPT_MERGE pass (detect identical cells).
Finding identical cells in module `$paramod\shift_rows_generic\DIRECTION=s32'00000000000000000000000000000010'.
Computing hashes of 1 cells of `$paramod\shift_rows_generic\DIRECTION=s32'00000000000000000000000000000010'.
Finding duplicate cells in `$paramod\shift_rows_generic\DIRECTION=s32'00000000000000000000000000000010'.
Finding identical cells in module `$paramod$abb245fec7a916e8c0859ecb960377b7bb9ba133\sub_generic'.
Computing hashes of 16 cells of `$paramod$abb245fec7a916e8c0859ecb960377b7bb9ba133\sub_generic'.
Finding duplicate cells in `$paramod$abb245fec7a916e8c0859ecb960377b7bb9ba133\sub_generic'.
Finding identical cells in module `$paramod\mix_single_col_generic\DIRECTION=s32'00000000000000000000000000000010'.
Computing hashes of 50 cells of `$paramod\mix_single_col_generic\DIRECTION=s32'00000000000000000000000000000010'.
Finding duplicate cells in `$paramod\mix_single_col_generic\DIRECTION=s32'00000000000000000000000000000010'.
Finding identical cells in module `$paramod$c0d07c46bbdb59e026b2dadc338d8c44a2d2f9b9\sbox_generic'.
Computing hashes of 3 cells of `$paramod$c0d07c46bbdb59e026b2dadc338d8c44a2d2f9b9\sbox_generic'.
Finding duplicate cells in `$paramod$c0d07c46bbdb59e026b2dadc338d8c44a2d2f9b9\sbox_generic'.
Finding identical cells in module `\inv_sbox_lut'.
Computing hashes of 255 cells of `\inv_sbox_lut'.
Finding duplicate cells in `\inv_sbox_lut'.
Finding identical cells in module `\sbox_lut'.
Computing hashes of 255 cells of `\sbox_lut'.
Finding duplicate cells in `\sbox_lut'.
Finding identical cells in module `\aes_round_generic'.
Computing hashes of 6 cells of `\aes_round_generic'.
Finding duplicate cells in `\aes_round_generic'.
Finding identical cells in module `$paramod\mix_columns_generic\DIRECTION=s32'00000000000000000000000000000010'.
Computing hashes of 4 cells of `$paramod\mix_columns_generic\DIRECTION=s32'00000000000000000000000000000010'.
Finding duplicate cells in `$paramod\mix_columns_generic\DIRECTION=s32'00000000000000000000000000000010'.
Removed a total of 0 cells.

13.3. Executing OPT_MUXTREE pass (detect dead branches in mux trees).
Running muxtree optimizer on module $paramod\shift_rows_generic\DIRECTION=s32'00000000000000000000000000000010..
  Creating internal representation of mux trees.
  Evaluating internal representation of mux trees.
  Analyzing evaluation results.
Running muxtree optimizer on module $paramod$abb245fec7a916e8c0859ecb960377b7bb9ba133\sub_generic..
  Creating internal representation of mux trees.
  No muxes found in this module.
Running muxtree optimizer on module $paramod\mix_single_col_generic\DIRECTION=s32'00000000000000000000000000000010..
  Creating internal representation of mux trees.
  Evaluating internal representation of mux trees.
  Analyzing evaluation results.
Running muxtree optimizer on module $paramod$c0d07c46bbdb59e026b2dadc338d8c44a2d2f9b9\sbox_generic..
  Creating internal representation of mux trees.
  Evaluating internal representation of mux trees.
  Analyzing evaluation results.
Running muxtree optimizer on module \inv_sbox_lut..
  Creating internal representation of mux trees.
  Evaluating internal representation of mux trees.
  Analyzing evaluation results.
Running muxtree optimizer on module \sbox_lut..
  Creating internal representation of mux trees.
  Evaluating internal representation of mux trees.
  Analyzing evaluation results.
Running muxtree optimizer on module \aes_round_generic..
  Creating internal representation of mux trees.
  Evaluating internal representation of mux trees.
  Analyzing evaluation results.
Running muxtree optimizer on module $paramod\mix_columns_generic\DIRECTION=s32'00000000000000000000000000000010..
  Creating internal representation of mux trees.
  No muxes found in this module.
Removed 0 multiplexer ports.
<suppressed ~546 debug messages>

13.4. Executing OPT_REDUCE pass (consolidate $*mux and $reduce_* inputs).
  Optimizing cells in module $paramod\shift_rows_generic\DIRECTION=s32'00000000000000000000000000000010.
  Optimizing cells in module $paramod$abb245fec7a916e8c0859ecb960377b7bb9ba133\sub_generic.
  Optimizing cells in module $paramod\mix_single_col_generic\DIRECTION=s32'00000000000000000000000000000010.
  Optimizing cells in module $paramod$c0d07c46bbdb59e026b2dadc338d8c44a2d2f9b9\sbox_generic.
  Optimizing cells in module \inv_sbox_lut.
  Optimizing cells in module \sbox_lut.
  Optimizing cells in module \aes_round_generic.
  Optimizing cells in module $paramod\mix_columns_generic\DIRECTION=s32'00000000000000000000000000000010.
Performed a total of 0 changes.

13.5. Executing OPT_MERGE pass (detect identical cells).
Finding identical cells in module `$paramod\shift_rows_generic\DIRECTION=s32'00000000000000000000000000000010'.
Computing hashes of 1 cells of `$paramod\shift_rows_generic\DIRECTION=s32'00000000000000000000000000000010'.
Finding duplicate cells in `$paramod\shift_rows_generic\DIRECTION=s32'00000000000000000000000000000010'.
Finding identical cells in module `$paramod$abb245fec7a916e8c0859ecb960377b7bb9ba133\sub_generic'.
Computing hashes of 16 cells of `$paramod$abb245fec7a916e8c0859ecb960377b7bb9ba133\sub_generic'.
Finding duplicate cells in `$paramod$abb245fec7a916e8c0859ecb960377b7bb9ba133\sub_generic'.
Finding identical cells in module `$paramod\mix_single_col_generic\DIRECTION=s32'00000000000000000000000000000010'.
Computing hashes of 50 cells of `$paramod\mix_single_col_generic\DIRECTION=s32'00000000000000000000000000000010'.
Finding duplicate cells in `$paramod\mix_single_col_generic\DIRECTION=s32'00000000000000000000000000000010'.
Finding identical cells in module `$paramod$c0d07c46bbdb59e026b2dadc338d8c44a2d2f9b9\sbox_generic'.
Computing hashes of 3 cells of `$paramod$c0d07c46bbdb59e026b2dadc338d8c44a2d2f9b9\sbox_generic'.
Finding duplicate cells in `$paramod$c0d07c46bbdb59e026b2dadc338d8c44a2d2f9b9\sbox_generic'.
Finding identical cells in module `\inv_sbox_lut'.
Computing hashes of 255 cells of `\inv_sbox_lut'.
Finding duplicate cells in `\inv_sbox_lut'.
Finding identical cells in module `\sbox_lut'.
Computing hashes of 255 cells of `\sbox_lut'.
Finding duplicate cells in `\sbox_lut'.
Finding identical cells in module `\aes_round_generic'.
Computing hashes of 6 cells of `\aes_round_generic'.
Finding duplicate cells in `\aes_round_generic'.
Finding identical cells in module `$paramod\mix_columns_generic\DIRECTION=s32'00000000000000000000000000000010'.
Computing hashes of 4 cells of `$paramod\mix_columns_generic\DIRECTION=s32'00000000000000000000000000000010'.
Finding duplicate cells in `$paramod\mix_columns_generic\DIRECTION=s32'00000000000000000000000000000010'.
Removed a total of 0 cells.

13.6. Executing OPT_DFF pass (perform DFF optimizations).

13.7. Executing OPT_CLEAN pass (remove unused cells and wires).
Finding unused cells or wires in module $paramod\shift_rows_generic\DIRECTION=s32'00000000000000000000000000000010..
Finding unused cells or wires in module $paramod$abb245fec7a916e8c0859ecb960377b7bb9ba133\sub_generic..
Finding unused cells or wires in module $paramod\mix_single_col_generic\DIRECTION=s32'00000000000000000000000000000010..
Finding unused cells or wires in module $paramod$c0d07c46bbdb59e026b2dadc338d8c44a2d2f9b9\sbox_generic..
Finding unused cells or wires in module \inv_sbox_lut..
Finding unused cells or wires in module \sbox_lut..
Finding unused cells or wires in module \aes_round_generic..
Finding unused cells or wires in module $paramod\mix_columns_generic\DIRECTION=s32'00000000000000000000000000000010..
Removed 0 unused cells and 512 unused wires.
<suppressed ~2 debug messages>

13.8. Executing OPT_EXPR pass (perform const folding).
Optimizing module $paramod\shift_rows_generic\DIRECTION=s32'00000000000000000000000000000010.
Optimizing module $paramod$abb245fec7a916e8c0859ecb960377b7bb9ba133\sub_generic.
Optimizing module $paramod\mix_single_col_generic\DIRECTION=s32'00000000000000000000000000000010.
Optimizing module $paramod$c0d07c46bbdb59e026b2dadc338d8c44a2d2f9b9\sbox_generic.
Optimizing module inv_sbox_lut.
Optimizing module sbox_lut.
Optimizing module aes_round_generic.
Optimizing module $paramod\mix_columns_generic\DIRECTION=s32'00000000000000000000000000000010.

13.9. Rerunning OPT passes. (Maybe there is more to do..)

13.10. Executing OPT_MUXTREE pass (detect dead branches in mux trees).
Running muxtree optimizer on module $paramod\shift_rows_generic\DIRECTION=s32'00000000000000000000000000000010..
  Creating internal representation of mux trees.
  Evaluating internal representation of mux trees.
  Analyzing evaluation results.
Running muxtree optimizer on module $paramod$abb245fec7a916e8c0859ecb960377b7bb9ba133\sub_generic..
  Creating internal representation of mux trees.
  No muxes found in this module.
Running muxtree optimizer on module $paramod\mix_single_col_generic\DIRECTION=s32'00000000000000000000000000000010..
  Creating internal representation of mux trees.
  Evaluating internal representation of mux trees.
  Analyzing evaluation results.
Running muxtree optimizer on module $paramod$c0d07c46bbdb59e026b2dadc338d8c44a2d2f9b9\sbox_generic..
  Creating internal representation of mux trees.
  Evaluating internal representation of mux trees.
  Analyzing evaluation results.
Running muxtree optimizer on module \inv_sbox_lut..
  Creating internal representation of mux trees.
  Evaluating internal representation of mux trees.
  Analyzing evaluation results.
Running muxtree optimizer on module \sbox_lut..
  Creating internal representation of mux trees.
  Evaluating internal representation of mux trees.
  Analyzing evaluation results.
Running muxtree optimizer on module \aes_round_generic..
  Creating internal representation of mux trees.
  Evaluating internal representation of mux trees.
  Analyzing evaluation results.
Running muxtree optimizer on module $paramod\mix_columns_generic\DIRECTION=s32'00000000000000000000000000000010..
  Creating internal representation of mux trees.
  No muxes found in this module.
Removed 0 multiplexer ports.
<suppressed ~546 debug messages>

13.11. Executing OPT_REDUCE pass (consolidate $*mux and $reduce_* inputs).
  Optimizing cells in module $paramod\shift_rows_generic\DIRECTION=s32'00000000000000000000000000000010.
  Optimizing cells in module $paramod$abb245fec7a916e8c0859ecb960377b7bb9ba133\sub_generic.
  Optimizing cells in module $paramod\mix_single_col_generic\DIRECTION=s32'00000000000000000000000000000010.
  Optimizing cells in module $paramod$c0d07c46bbdb59e026b2dadc338d8c44a2d2f9b9\sbox_generic.
  Optimizing cells in module \inv_sbox_lut.
  Optimizing cells in module \sbox_lut.
  Optimizing cells in module \aes_round_generic.
  Optimizing cells in module $paramod\mix_columns_generic\DIRECTION=s32'00000000000000000000000000000010.
Performed a total of 0 changes.

13.12. Executing OPT_MERGE pass (detect identical cells).
Finding identical cells in module `$paramod\shift_rows_generic\DIRECTION=s32'00000000000000000000000000000010'.
Computing hashes of 1 cells of `$paramod\shift_rows_generic\DIRECTION=s32'00000000000000000000000000000010'.
Finding duplicate cells in `$paramod\shift_rows_generic\DIRECTION=s32'00000000000000000000000000000010'.
Finding identical cells in module `$paramod$abb245fec7a916e8c0859ecb960377b7bb9ba133\sub_generic'.
Computing hashes of 16 cells of `$paramod$abb245fec7a916e8c0859ecb960377b7bb9ba133\sub_generic'.
Finding duplicate cells in `$paramod$abb245fec7a916e8c0859ecb960377b7bb9ba133\sub_generic'.
Finding identical cells in module `$paramod\mix_single_col_generic\DIRECTION=s32'00000000000000000000000000000010'.
Computing hashes of 50 cells of `$paramod\mix_single_col_generic\DIRECTION=s32'00000000000000000000000000000010'.
Finding duplicate cells in `$paramod\mix_single_col_generic\DIRECTION=s32'00000000000000000000000000000010'.
Finding identical cells in module `$paramod$c0d07c46bbdb59e026b2dadc338d8c44a2d2f9b9\sbox_generic'.
Computing hashes of 3 cells of `$paramod$c0d07c46bbdb59e026b2dadc338d8c44a2d2f9b9\sbox_generic'.
Finding duplicate cells in `$paramod$c0d07c46bbdb59e026b2dadc338d8c44a2d2f9b9\sbox_generic'.
Finding identical cells in module `\inv_sbox_lut'.
Computing hashes of 255 cells of `\inv_sbox_lut'.
Finding duplicate cells in `\inv_sbox_lut'.
Finding identical cells in module `\sbox_lut'.
Computing hashes of 255 cells of `\sbox_lut'.
Finding duplicate cells in `\sbox_lut'.
Finding identical cells in module `\aes_round_generic'.
Computing hashes of 6 cells of `\aes_round_generic'.
Finding duplicate cells in `\aes_round_generic'.
Finding identical cells in module `$paramod\mix_columns_generic\DIRECTION=s32'00000000000000000000000000000010'.
Computing hashes of 4 cells of `$paramod\mix_columns_generic\DIRECTION=s32'00000000000000000000000000000010'.
Finding duplicate cells in `$paramod\mix_columns_generic\DIRECTION=s32'00000000000000000000000000000010'.
Removed a total of 0 cells.

13.13. Executing OPT_DFF pass (perform DFF optimizations).

13.14. Executing OPT_CLEAN pass (remove unused cells and wires).
Finding unused cells or wires in module $paramod\shift_rows_generic\DIRECTION=s32'00000000000000000000000000000010..
Finding unused cells or wires in module $paramod$abb245fec7a916e8c0859ecb960377b7bb9ba133\sub_generic..
Finding unused cells or wires in module $paramod\mix_single_col_generic\DIRECTION=s32'00000000000000000000000000000010..
Finding unused cells or wires in module $paramod$c0d07c46bbdb59e026b2dadc338d8c44a2d2f9b9\sbox_generic..
Finding unused cells or wires in module \inv_sbox_lut..
Finding unused cells or wires in module \sbox_lut..
Finding unused cells or wires in module \aes_round_generic..
Finding unused cells or wires in module $paramod\mix_columns_generic\DIRECTION=s32'00000000000000000000000000000010..

13.15. Executing OPT_EXPR pass (perform const folding).
Optimizing module $paramod\shift_rows_generic\DIRECTION=s32'00000000000000000000000000000010.
Optimizing module $paramod$abb245fec7a916e8c0859ecb960377b7bb9ba133\sub_generic.
Optimizing module $paramod\mix_single_col_generic\DIRECTION=s32'00000000000000000000000000000010.
Optimizing module $paramod$c0d07c46bbdb59e026b2dadc338d8c44a2d2f9b9\sbox_generic.
Optimizing module inv_sbox_lut.
Optimizing module sbox_lut.
Optimizing module aes_round_generic.
Optimizing module $paramod\mix_columns_generic\DIRECTION=s32'00000000000000000000000000000010.

13.16. Finished fast OPT passes. (There is nothing left to do.)

14. Executing OPT_CLEAN pass (remove unused cells and wires).
Finding unused cells or wires in module $paramod\shift_rows_generic\DIRECTION=s32'00000000000000000000000000000010..
Finding unused cells or wires in module $paramod$abb245fec7a916e8c0859ecb960377b7bb9ba133\sub_generic..
Finding unused cells or wires in module $paramod\mix_single_col_generic\DIRECTION=s32'00000000000000000000000000000010..
Finding unused cells or wires in module $paramod$c0d07c46bbdb59e026b2dadc338d8c44a2d2f9b9\sbox_generic..
Finding unused cells or wires in module \inv_sbox_lut..
Finding unused cells or wires in module \sbox_lut..
Finding unused cells or wires in module \aes_round_generic..
Finding unused cells or wires in module $paramod\mix_columns_generic\DIRECTION=s32'00000000000000000000000000000010..

15. Executing JSON backend.

End of script. Logfile hash: e385c8598d, time: 0.10s, user: 0.11s, system: 0.01s, MEM: 36.01 MB peak
Yosys 0.64 (git sha1 6d2c445ae-dirty, g++ 15.2.1 -march=x86-64 -mtune=generic -O2 -fno-plt -fexceptions -fstack-clash-protection -fcf-protection -fno-omit-frame-pointer -mno-omit-leaf-frame-pointer -ffile-prefix-map=/build/yosys/src=/usr/src/debug/yosys -fPIC -O3) [startdir/yosys at makepkg]
Time spent: 24% 9x opt_clean (0 sec), 21% 10x read_verilog (0 sec), ...
